C:\USERS\MARTIN\DOCUMENTS\GITHUB\CUDA2DFLUID (NEW)\ENGINE\RELEASE\CAMERACLASS.OBJ
C:\Users\Martin\Documents\GitHub\CUDA2DFluid (new)\Engine\Release\cl.command.1.tlog
C:\Users\Martin\Documents\GitHub\CUDA2DFluid (new)\Engine\Release\CL.read.1.tlog
C:\Users\Martin\Documents\GitHub\CUDA2DFluid (new)\Engine\Release\CL.write.1.tlog
C:\USERS\MARTIN\DOCUMENTS\GITHUB\CUDA2DFLUID (NEW)\ENGINE\RELEASE\D3DCLASS.OBJ
C:\Users\Martin\Documents\GitHub\CUDA2DFluid (new)\Engine\Release\Engine.vcxprojResolveAssemblyReference.cache
C:\Users\Martin\Documents\GitHub\CUDA2DFluid (new)\Engine\Release\Engine.write.1.tlog
C:\Users\Martin\Documents\GitHub\CUDA2DFluid (new)\Engine\Release\FluidCUDA.cu.cache
C:\Users\Martin\Documents\GitHub\CUDA2DFluid (new)\Engine\Release\FluidCUDA.cu.obj
C:\USERS\MARTIN\DOCUMENTS\GITHUB\CUDA2DFLUID (NEW)\ENGINE\RELEASE\FONTCLASS.OBJ
C:\USERS\MARTIN\DOCUMENTS\GITHUB\CUDA2DFLUID (NEW)\ENGINE\RELEASE\FONTSHADERCLASS.OBJ
C:\USERS\MARTIN\DOCUMENTS\GITHUB\CUDA2DFLUID (NEW)\ENGINE\RELEASE\FPSCLASS.OBJ
C:\USERS\MARTIN\DOCUMENTS\GITHUB\CUDA2DFLUID (NEW)\ENGINE\RELEASE\GRAPHICSCLASS.OBJ
C:\USERS\MARTIN\DOCUMENTS\GITHUB\CUDA2DFLUID (NEW)\ENGINE\RELEASE\INPUTCLASS.OBJ
C:\Users\Martin\Documents\GitHub\CUDA2DFluid (new)\Engine\Release\link.command.1.tlog
C:\Users\Martin\Documents\GitHub\CUDA2DFluid (new)\Engine\Release\link.read.1.tlog
C:\Users\Martin\Documents\GitHub\CUDA2DFluid (new)\Engine\Release\link.write.1.tlog
C:\USERS\MARTIN\DOCUMENTS\GITHUB\CUDA2DFLUID (NEW)\ENGINE\RELEASE\MAIN.OBJ
C:\USERS\MARTIN\DOCUMENTS\GITHUB\CUDA2DFLUID (NEW)\ENGINE\RELEASE\MODELCLASS.OBJ
C:\USERS\MARTIN\DOCUMENTS\GITHUB\CUDA2DFLUID (NEW)\ENGINE\RELEASE\SYSTEMCLASS.OBJ
C:\USERS\MARTIN\DOCUMENTS\GITHUB\CUDA2DFLUID (NEW)\ENGINE\RELEASE\TEXTCLASS.OBJ
C:\USERS\MARTIN\DOCUMENTS\GITHUB\CUDA2DFLUID (NEW)\ENGINE\RELEASE\TEXTURECLASS.OBJ
C:\USERS\MARTIN\DOCUMENTS\GITHUB\CUDA2DFLUID (NEW)\ENGINE\RELEASE\TEXTURESHADERCLASS.OBJ
C:\Users\Martin\Documents\GitHub\CUDA2DFluid (new)\Engine\Release\vc100.idb
C:\USERS\MARTIN\DOCUMENTS\GITHUB\CUDA2DFLUID (NEW)\ENGINE\RELEASE\VC100.PDB
C:\USERS\MARTIN\DOCUMENTS\GITHUB\CUDA2DFLUID (NEW)\RELEASE\ENGINE.EXE
C:\USERS\MARTIN\DOCUMENTS\GITHUB\CUDA2DFLUID (NEW)\RELEASE\ENGINE.PDB
