C:\USERS\MARTIN\DOCUMENTS\GITHUB\CUDA2DFLUID (NEW)\DEBUG\ENGINE.EXE
C:\USERS\MARTIN\DOCUMENTS\GITHUB\CUDA2DFLUID (NEW)\DEBUG\ENGINE.PDB
C:\USERS\MARTIN\DOCUMENTS\GITHUB\CUDA2DFLUID (NEW)\ENGINE\DEBUG\CAMERACLASS.OBJ
C:\Users\Martin\Documents\GitHub\CUDA2DFluid (new)\Engine\Debug\cl.command.1.tlog
C:\Users\Martin\Documents\GitHub\CUDA2DFluid (new)\Engine\Debug\CL.read.1.tlog
C:\Users\Martin\Documents\GitHub\CUDA2DFluid (new)\Engine\Debug\CL.write.1.tlog
C:\USERS\MARTIN\DOCUMENTS\GITHUB\CUDA2DFLUID (NEW)\ENGINE\DEBUG\D3DCLASS.OBJ
C:\Users\Martin\Documents\GitHub\CUDA2DFluid (new)\Engine\Debug\Engine.write.1.tlog
C:\Users\Martin\Documents\GitHub\CUDA2DFluid (new)\Engine\Debug\FluidCUDA.cu.cache
C:\Users\Martin\Documents\GitHub\CUDA2DFluid (new)\Engine\Debug\FluidCUDA.cu.obj
C:\USERS\MARTIN\DOCUMENTS\GITHUB\CUDA2DFLUID (NEW)\ENGINE\DEBUG\FONTCLASS.OBJ
C:\USERS\MARTIN\DOCUMENTS\GITHUB\CUDA2DFLUID (NEW)\ENGINE\DEBUG\FONTSHADERCLASS.OBJ
C:\USERS\MARTIN\DOCUMENTS\GITHUB\CUDA2DFLUID (NEW)\ENGINE\DEBUG\FPSCLASS.OBJ
C:\USERS\MARTIN\DOCUMENTS\GITHUB\CUDA2DFLUID (NEW)\ENGINE\DEBUG\GRAPHICSCLASS.OBJ
C:\USERS\MARTIN\DOCUMENTS\GITHUB\CUDA2DFLUID (NEW)\ENGINE\DEBUG\INPUTCLASS.OBJ
C:\Users\Martin\Documents\GitHub\CUDA2DFluid (new)\Engine\Debug\link.command.1.tlog
C:\Users\Martin\Documents\GitHub\CUDA2DFluid (new)\Engine\Debug\link.read.1.tlog
C:\Users\Martin\Documents\GitHub\CUDA2DFluid (new)\Engine\Debug\link.write.1.tlog
C:\USERS\MARTIN\DOCUMENTS\GITHUB\CUDA2DFLUID (NEW)\ENGINE\DEBUG\MAIN.OBJ
C:\USERS\MARTIN\DOCUMENTS\GITHUB\CUDA2DFLUID (NEW)\ENGINE\DEBUG\MODELCLASS.OBJ
C:\USERS\MARTIN\DOCUMENTS\GITHUB\CUDA2DFLUID (NEW)\ENGINE\DEBUG\SYSTEMCLASS.OBJ
C:\USERS\MARTIN\DOCUMENTS\GITHUB\CUDA2DFLUID (NEW)\ENGINE\DEBUG\TEXTCLASS.OBJ
C:\USERS\MARTIN\DOCUMENTS\GITHUB\CUDA2DFLUID (NEW)\ENGINE\DEBUG\TEXTURECLASS.OBJ
C:\USERS\MARTIN\DOCUMENTS\GITHUB\CUDA2DFLUID (NEW)\ENGINE\DEBUG\TEXTURESHADERCLASS.OBJ
C:\Users\Martin\Documents\GitHub\CUDA2DFluid (new)\Engine\Debug\vc100.idb
C:\USERS\MARTIN\DOCUMENTS\GITHUB\CUDA2DFLUID (NEW)\ENGINE\DEBUG\VC100.PDB
